2019-07-27 08:25:00.462 [restartedMain] INFO  com.wdb.pdd.JavaApiApplication - Starting JavaApiApplication on SKY-20170813HTR with PID 8360 (D:\java\pdd_wdb_java_api(1)\pdd_wdb_java_api\target\classes started by Administrator in D:\java\pdd_wdb_java_api(1)\pdd_wdb_java_api)
2019-07-27 08:25:00.462 [restartedMain] DEBUG com.wdb.pdd.JavaApiApplication - Running with Spring Boot v2.1.5.RELEASE, Spring v5.1.7.RELEASE
2019-07-27 08:25:00.462 [restartedMain] INFO  com.wdb.pdd.JavaApiApplication - The following profiles are active: dev
2019-07-27 08:25:00.552 [restartedMain] INFO  o.s.b.d.env.DevToolsPropertyDefaultsPostProcessor - Devtools property defaults active! Set 'spring.devtools.add-properties' to 'false' to disable
2019-07-27 08:25:00.552 [restartedMain] INFO  o.s.b.d.env.DevToolsPropertyDefaultsPostProcessor - For additional web related logging consider setting the 'logging.level.web' property to 'DEBUG'
2019-07-27 08:25:05.805 [restartedMain] INFO  o.s.c.s.PostProcessorRegistrationDelegate$BeanPostProcessorChecker - Bean 'org.springframework.transaction.annotation.ProxyTransactionManagementConfiguration' of type [org.springframework.transaction.annotation.ProxyTransactionManagementConfiguration$$EnhancerBySpringCGLIB$$fd3dbfc0] is not eligible for getting processed by all BeanPostProcessors (for example: not eligible for auto-proxying)
2019-07-27 08:25:07.183 [restartedMain] INFO  o.s.boot.web.embedded.tomcat.TomcatWebServer - Tomcat initialized with port(s): 8088 (http)
2019-07-27 08:25:07.216 [restartedMain] INFO  org.apache.coyote.http11.Http11NioProtocol - Initializing ProtocolHandler ["http-nio-8088"]
2019-07-27 08:25:07.233 [restartedMain] INFO  org.apache.catalina.core.StandardService - Starting service [Tomcat]
2019-07-27 08:25:07.233 [restartedMain] INFO  org.apache.catalina.core.StandardEngine - Starting Servlet engine: [Apache Tomcat/9.0.19]
2019-07-27 08:25:07.499 [restartedMain] INFO  o.a.c.c.ContainerBase.[Tomcat].[localhost].[/wdb] - Initializing Spring embedded WebApplicationContext
2019-07-27 08:25:07.499 [restartedMain] INFO  org.springframework.web.context.ContextLoader - Root WebApplicationContext: initialization completed in 6947 ms
2019-07-27 08:25:08.747 [restartedMain] INFO  com.alibaba.druid.pool.DruidDataSource - {dataSource-1} inited
2019-07-27 08:25:08.872 [restartedMain] WARN  org.mybatis.spring.SqlSessionFactoryBean - Can't find class in '[com.wdb.**.pojo]' package. Please check your configuration.
2019-07-27 08:25:11.136 [restartedMain] INFO  o.s.cache.ehcache.EhCacheManagerFactoryBean - Initializing EhCache CacheManager
2019-07-27 08:25:11.262 [restartedMain] INFO  o.s.scheduling.concurrent.ThreadPoolTaskExecutor - Initializing ExecutorService 'taskExecutor'
2019-07-27 08:25:11.273 [restartedMain] INFO  o.s.scheduling.concurrent.ThreadPoolTaskExecutor - Initializing ExecutorService 'batchTaskExecutor'
2019-07-27 08:25:11.506 [restartedMain] INFO  o.s.b.d.autoconfigure.OptionalLiveReloadServer - LiveReload server is running on port 35729
2019-07-27 08:25:12.393 [restartedMain] INFO  s.d.s.web.plugins.DocumentationPluginsBootstrapper - Context refreshed
2019-07-27 08:25:12.431 [restartedMain] INFO  s.d.s.web.plugins.DocumentationPluginsBootstrapper - Found 1 custom documentation plugin(s)
2019-07-27 08:25:12.454 [restartedMain] INFO  s.d.spring.web.scanners.ApiListingReferenceScanner - Scanning for api listing references
2019-07-27 08:25:12.823 [restartedMain] INFO  s.d.s.w.r.operation.CachingOperationNameGenerator - Generating unique operation named: listByPageUsingGET_1
2019-07-27 08:25:12.883 [restartedMain] INFO  org.apache.coyote.http11.Http11NioProtocol - Starting ProtocolHandler ["http-nio-8088"]
2019-07-27 08:25:12.913 [restartedMain] INFO  o.s.boot.web.embedded.tomcat.TomcatWebServer - Tomcat started on port(s): 8088 (http) with context path '/wdb'
2019-07-27 08:25:12.923 [restartedMain] INFO  com.wdb.pdd.JavaApiApplication - Started JavaApiApplication in 15.222 seconds (JVM running for 16.379)
2019-07-27 08:25:12.923 [restartedMain] INFO  com.wdb.pdd.JavaApiApplication - 数据库：jdbc:mysql://localhost:3306/pdd_wdb?useUnicode=true&useJDBCCompliantTimezoneShift=true&useLegacyDatetimeCode=false&serverTimezone=UTC
2019-07-27 08:25:12.923 [restartedMain] INFO  com.wdb.pdd.JavaApiApplication - ==================> run at http://192.168.1.198:8088/  <==================
2019-07-27 08:25:39.284 [http-nio-8088-exec-2] INFO  o.a.c.c.ContainerBase.[Tomcat].[localhost].[/wdb] - Initializing Spring DispatcherServlet 'dispatcherServlet'
2019-07-27 08:25:39.285 [http-nio-8088-exec-2] INFO  org.springframework.web.servlet.DispatcherServlet - Initializing Servlet 'dispatcherServlet'
2019-07-27 08:25:39.321 [http-nio-8088-exec-2] INFO  org.springframework.web.servlet.DispatcherServlet - Completed initialization in 35 ms
2019-07-27 08:25:39.831 [http-nio-8088-exec-3] INFO  com.wdb.pdd.common.aspect.WebLogAspect - ==================== REQUEST START ===================
2019-07-27 08:25:39.834 [http-nio-8088-exec-3] INFO  com.wdb.pdd.common.aspect.WebLogAspect -       URL : http://localhost:8088/wdb/api/activity/getTop10List
2019-07-27 08:25:39.834 [http-nio-8088-exec-3] INFO  com.wdb.pdd.common.aspect.WebLogAspect -       HTTP_METHOD : POST
2019-07-27 08:25:39.835 [http-nio-8088-exec-3] INFO  com.wdb.pdd.common.aspect.WebLogAspect -       IP : 0:0:0:0:0:0:0:1
2019-07-27 08:25:39.841 [http-nio-8088-exec-3] INFO  com.wdb.pdd.common.aspect.WebLogAspect -       REQUEST：[{"activityId":1}]
2019-07-27 08:25:39.854 [http-nio-8088-exec-3] INFO  com.wdb.pdd.common.utils.UserUtils - 当前请求头的auth_token:null
2019-07-27 08:25:39.983 [http-nio-8088-exec-3] DEBUG c.w.p.api.dao.activity.ActivityLogDao.singleTotal - ==>  Preparing: SELECT COUNT(*) FROM wdb_activity_log WHERE activity_id=? AND uid=? AND helper=? 
2019-07-27 08:25:40.287 [http-nio-8088-exec-3] DEBUG c.w.p.api.dao.activity.ActivityLogDao.singleTotal - ==> Parameters: 1(Integer), 4(Integer), 4(Integer)
2019-07-27 08:25:40.355 [http-nio-8088-exec-3] DEBUG c.w.p.api.dao.activity.ActivityLogDao.singleTotal - <==      Total: 1
2019-07-27 08:25:40.358 [http-nio-8088-exec-3] DEBUG c.wdb.pdd.api.dao.activity.ActivityDao.selectById - ==>  Preparing: SELECT id,name,description,start_time,end_time,thumb,banner,type,create_time,view_count FROM wdb_activity WHERE id=? 
2019-07-27 08:25:40.358 [http-nio-8088-exec-3] DEBUG c.wdb.pdd.api.dao.activity.ActivityDao.selectById - ==> Parameters: 1(Integer)
2019-07-27 08:25:40.378 [http-nio-8088-exec-3] DEBUG c.wdb.pdd.api.dao.activity.ActivityDao.selectById - <==      Total: 1
2019-07-27 08:25:40.378 [http-nio-8088-exec-3] DEBUG c.w.p.api.dao.activity.ActivityLogDao.getTop10List - ==>  Preparing: select * from wdb_activity_log where activity_id=? order by create_time desc limit 10 
2019-07-27 08:25:40.378 [http-nio-8088-exec-3] DEBUG c.w.p.api.dao.activity.ActivityLogDao.getTop10List - ==> Parameters: 1(Integer)
2019-07-27 08:25:40.388 [http-nio-8088-exec-3] DEBUG c.w.p.api.dao.activity.ActivityLogDao.getTop10List - <==      Total: 2
2019-07-27 08:25:40.388 [http-nio-8088-exec-3] DEBUG c.w.p.a.dao.activity.ActivityLogDao.getTop10List2 - ==>  Preparing: select * from wdb_activity_log where activity_id=? order by result desc limit 10 
2019-07-27 08:25:40.388 [http-nio-8088-exec-3] DEBUG c.w.p.a.dao.activity.ActivityLogDao.getTop10List2 - ==> Parameters: 1(Integer)
2019-07-27 08:25:40.398 [http-nio-8088-exec-3] DEBUG c.w.p.a.dao.activity.ActivityLogDao.getTop10List2 - <==      Total: 2
2019-07-27 08:25:40.398 [http-nio-8088-exec-3] DEBUG com.wdb.pdd.api.dao.sys.ReguserDao.selectById - ==>  Preparing: SELECT id,owner_id,owner_name,mall_name,logo,mall_desc,access_token,refresh_token,expires_in,add_time,sys_user_token,sys_token_expires_time FROM wdb_reguser WHERE id=? 
2019-07-27 08:25:40.398 [http-nio-8088-exec-3] DEBUG com.wdb.pdd.api.dao.sys.ReguserDao.selectById - ==> Parameters: 4(Integer)
2019-07-27 08:25:40.409 [http-nio-8088-exec-3] DEBUG com.wdb.pdd.api.dao.sys.ReguserDao.selectById - <==      Total: 1
2019-07-27 08:25:40.409 [http-nio-8088-exec-3] DEBUG com.wdb.pdd.api.dao.sys.ReguserDao.selectById - ==>  Preparing: SELECT id,owner_id,owner_name,mall_name,logo,mall_desc,access_token,refresh_token,expires_in,add_time,sys_user_token,sys_token_expires_time FROM wdb_reguser WHERE id=? 
2019-07-27 08:25:40.409 [http-nio-8088-exec-3] DEBUG com.wdb.pdd.api.dao.sys.ReguserDao.selectById - ==> Parameters: 5(Integer)
2019-07-27 08:25:40.409 [http-nio-8088-exec-3] DEBUG com.wdb.pdd.api.dao.sys.ReguserDao.selectById - <==      Total: 1
2019-07-27 08:25:40.409 [http-nio-8088-exec-3] DEBUG com.wdb.pdd.api.dao.sys.ReguserDao.selectById - ==>  Preparing: SELECT id,owner_id,owner_name,mall_name,logo,mall_desc,access_token,refresh_token,expires_in,add_time,sys_user_token,sys_token_expires_time FROM wdb_reguser WHERE id=? 
2019-07-27 08:25:40.409 [http-nio-8088-exec-3] DEBUG com.wdb.pdd.api.dao.sys.ReguserDao.selectById - ==> Parameters: 4(Integer)
2019-07-27 08:25:40.419 [http-nio-8088-exec-3] DEBUG com.wdb.pdd.api.dao.sys.ReguserDao.selectById - <==      Total: 1
2019-07-27 08:25:40.419 [http-nio-8088-exec-3] DEBUG com.wdb.pdd.api.dao.sys.ReguserDao.selectById - ==>  Preparing: SELECT id,owner_id,owner_name,mall_name,logo,mall_desc,access_token,refresh_token,expires_in,add_time,sys_user_token,sys_token_expires_time FROM wdb_reguser WHERE id=? 
2019-07-27 08:25:40.419 [http-nio-8088-exec-3] DEBUG com.wdb.pdd.api.dao.sys.ReguserDao.selectById - ==> Parameters: 5(Integer)
2019-07-27 08:25:40.419 [http-nio-8088-exec-3] DEBUG com.wdb.pdd.api.dao.sys.ReguserDao.selectById - <==      Total: 1
2019-07-27 08:25:40.439 [http-nio-8088-exec-3] INFO  com.wdb.pdd.common.aspect.WebLogAspect -       RESPONSE : {"code":0,"data":{"listA":[{"result":"52.18","log":"http://t16img.yangkeduo.com/img_check/2018-10-25/e37feb06e5ee745ad38d22b2cc24bfe6.jpg","name":"小小设计","mes":"自己砍掉","id":4,"time":"2天前"},{"result":"11.11","name":"小美设计","mes":"自己砍掉","id":5,"time":"2天前"}],"iskan":true,"activity":{"createTime":"2019-07-17 18:58:22","description":"砍，砍，砍","endTime":"2019-07-31 13:39:06","id":1,"name":"砍死你","startTime":"2019-07-16 12:58:00"},"listB":[{"result":"52.18","log":"http://t16img.yangkeduo.com/img_check/2018-10-25/e37feb06e5ee745ad38d22b2cc24bfe6.jpg","name":"小小设计","mes":"自己砍掉","id":4,"time":"2天前"},{"result":"11.11","name":"小美设计","mes":"自己砍掉","id":5,"time":"2天前"}]},"msg":"操作成功"}
2019-07-27 08:25:40.439 [http-nio-8088-exec-3] INFO  com.wdb.pdd.common.aspect.WebLogAspect - ==================== RESPONSE END ===================
2019-07-27 08:25:40.439 [http-nio-8088-exec-3] INFO  com.wdb.pdd.common.aspect.WebLogAspect -       耗时(ms) : 608
2019-07-27 08:26:17.554 [http-nio-8088-exec-6] INFO  com.wdb.pdd.common.aspect.WebLogAspect - ==================== REQUEST START ===================
2019-07-27 08:26:17.555 [http-nio-8088-exec-6] INFO  com.wdb.pdd.common.aspect.WebLogAspect -       URL : http://localhost:8088/wdb/api/activity/activityList
2019-07-27 08:26:17.555 [http-nio-8088-exec-6] INFO  com.wdb.pdd.common.aspect.WebLogAspect -       HTTP_METHOD : POST
2019-07-27 08:26:17.555 [http-nio-8088-exec-6] INFO  com.wdb.pdd.common.aspect.WebLogAspect -       IP : 0:0:0:0:0:0:0:1
2019-07-27 08:26:17.555 [http-nio-8088-exec-6] INFO  com.wdb.pdd.common.aspect.WebLogAspect -       REQUEST：[{"activityId":1,"uid":"4","totalprice":119}]
2019-07-27 08:26:17.566 [http-nio-8088-exec-6] DEBUG c.wdb.pdd.api.dao.activity.ActivityDao.selectById - ==>  Preparing: SELECT id,name,description,start_time,end_time,thumb,banner,type,create_time,view_count FROM wdb_activity WHERE id=? 
2019-07-27 08:26:17.568 [http-nio-8088-exec-6] DEBUG c.wdb.pdd.api.dao.activity.ActivityDao.selectById - ==> Parameters: 1(Integer)
2019-07-27 08:26:17.578 [http-nio-8088-exec-6] DEBUG c.wdb.pdd.api.dao.activity.ActivityDao.selectById - <==      Total: 1
2019-07-27 08:26:17.579 [http-nio-8088-exec-6] DEBUG c.w.pdd.api.dao.activity.ActivityLogDao.myactivity - ==>  Preparing: select * from wdb_activity_log WHERE activity_id=? AND uid=? AND helper=? 
2019-07-27 08:26:17.580 [http-nio-8088-exec-6] DEBUG c.w.pdd.api.dao.activity.ActivityLogDao.myactivity - ==> Parameters: 1(Integer), 4(Integer), 4(Integer)
2019-07-27 08:26:17.582 [http-nio-8088-exec-6] DEBUG c.w.pdd.api.dao.activity.ActivityLogDao.myactivity - <==      Total: 1
2019-07-27 08:26:17.584 [http-nio-8088-exec-6] DEBUG c.wdb.pdd.api.dao.activity.ActivityLogDao.getList - ==>  Preparing: select * from wdb_activity_log where activity_id=? and uid=? order by create_time desc 
2019-07-27 08:26:17.585 [http-nio-8088-exec-6] DEBUG c.wdb.pdd.api.dao.activity.ActivityLogDao.getList - ==> Parameters: 1(Integer), 4(Integer)
2019-07-27 08:26:17.587 [http-nio-8088-exec-6] DEBUG c.wdb.pdd.api.dao.activity.ActivityLogDao.getList - <==      Total: 1
2019-07-27 08:26:17.588 [http-nio-8088-exec-6] DEBUG com.wdb.pdd.api.dao.sys.ReguserDao.selectById - ==>  Preparing: SELECT id,owner_id,owner_name,mall_name,logo,mall_desc,access_token,refresh_token,expires_in,add_time,sys_user_token,sys_token_expires_time FROM wdb_reguser WHERE id=? 
2019-07-27 08:26:17.590 [http-nio-8088-exec-6] DEBUG com.wdb.pdd.api.dao.sys.ReguserDao.selectById - ==> Parameters: 4(Integer)
2019-07-27 08:26:17.598 [http-nio-8088-exec-6] DEBUG com.wdb.pdd.api.dao.sys.ReguserDao.selectById - <==      Total: 1
2019-07-27 08:26:17.599 [http-nio-8088-exec-6] DEBUG com.wdb.pdd.api.dao.sys.ReguserDao.selectById - ==>  Preparing: SELECT id,owner_id,owner_name,mall_name,logo,mall_desc,access_token,refresh_token,expires_in,add_time,sys_user_token,sys_token_expires_time FROM wdb_reguser WHERE id=? 
2019-07-27 08:26:17.599 [http-nio-8088-exec-6] DEBUG com.wdb.pdd.api.dao.sys.ReguserDao.selectById - ==> Parameters: 4(Integer)
2019-07-27 08:26:17.602 [http-nio-8088-exec-6] DEBUG com.wdb.pdd.api.dao.sys.ReguserDao.selectById - <==      Total: 1
2019-07-27 08:26:17.603 [http-nio-8088-exec-6] DEBUG com.wdb.pdd.api.dao.sys.ReguserDao.selectById - ==>  Preparing: SELECT id,owner_id,owner_name,mall_name,logo,mall_desc,access_token,refresh_token,expires_in,add_time,sys_user_token,sys_token_expires_time FROM wdb_reguser WHERE id=? 
2019-07-27 08:26:17.603 [http-nio-8088-exec-6] DEBUG com.wdb.pdd.api.dao.sys.ReguserDao.selectById - ==> Parameters: 4(Integer)
2019-07-27 08:26:17.606 [http-nio-8088-exec-6] DEBUG com.wdb.pdd.api.dao.sys.ReguserDao.selectById - <==      Total: 1
2019-07-27 08:26:17.607 [http-nio-8088-exec-6] DEBUG com.wdb.pdd.api.dao.activity.ActivityLogDao.sum - ==>  Preparing: SELECT SUM(result) FROM wdb_activity_log WHERE activity_id=? AND uid=? 
2019-07-27 08:26:17.608 [http-nio-8088-exec-6] DEBUG com.wdb.pdd.api.dao.activity.ActivityLogDao.sum - ==> Parameters: 1(Integer), 4(Integer)
2019-07-27 08:26:17.618 [http-nio-8088-exec-6] DEBUG com.wdb.pdd.api.dao.activity.ActivityLogDao.sum - <==      Total: 1
2019-07-27 08:26:17.665 [http-nio-8088-exec-6] DEBUG com.wdb.pdd.api.dao.product.ProductDao.selectById - ==>  Preparing: SELECT id,name,price,old_price,sold,image,other_detail_info,sort,add_time FROM wdb_sys_product WHERE id=? 
2019-07-27 08:26:17.683 [http-nio-8088-exec-6] DEBUG com.wdb.pdd.api.dao.product.ProductDao.selectById - ==> Parameters: 6(Integer)
2019-07-27 08:26:17.703 [http-nio-8088-exec-6] DEBUG com.wdb.pdd.api.dao.product.ProductDao.selectById - <==      Total: 1
2019-07-27 08:26:17.706 [http-nio-8088-exec-6] INFO  com.wdb.pdd.common.aspect.WebLogAspect -       RESPONSE : {"code":0,"data":{"result":52.18,"activity":{"createTime":"2019-07-17 18:58:22","description":"砍，砍，砍","endTime":"2019-07-31 13:39:06","id":1,"name":"砍死你","startTime":"2019-07-16 12:58:00"},"isAgainKanjia":true,"price":66.82,"totalprice":119.00,"name":"我的","myendTime":"2019-07-25 16:45:33","list":[{"result":"52.18","time2":"2天前","time3":"2019-07-24 16:45:33","log":"http://t16img.yangkeduo.com/img_check/2018-10-25/e37feb06e5ee745ad38d22b2cc24bfe6.jpg","name":"小小设计","mes":"自己砍掉","id":4}]},"msg":"操作成功"}
2019-07-27 08:26:17.706 [http-nio-8088-exec-6] INFO  com.wdb.pdd.common.aspect.WebLogAspect - ==================== RESPONSE END ===================
2019-07-27 08:26:17.706 [http-nio-8088-exec-6] INFO  com.wdb.pdd.common.aspect.WebLogAspect -       耗时(ms) : 152
